<?xml version="1.0" encoding="UTF-8"?>
<!-- Generated by org.testng.reporters.JUnitReportReporter -->
<testsuite skipped="0" hostname="LAPTOP-PIMJNR2T" name="com.practice.SeleniumTest.SampleSelTest" tests="1" failures="0" timestamp="17 Jan 2020 13:34:07 GMT" time="27.033" errors="0">
  <testcase name="gmailLogin" time="27.033" classname="com.practice.SeleniumTest.SampleSelTest"/>
</testsuite> <!-- com.practice.SeleniumTest.SampleSelTest -->
